#
# A fatal error has been detected by the Java Runtime Environment:
#
#  EXCEPTION_ACCESS_VIOLATION (0xc0000005) at pc=0x00007ffbb25b5af8, pid=28404, tid=27556
#
# JRE version: Java(TM) SE Runtime Environment (21.0.2+13) (build 21.0.2+13-LTS-58)
# Java VM: Java HotSpot(TM) 64-Bit Server VM (21.0.2+13-LTS-58, mixed mode, sharing, tiered, compressed oops, compressed class ptrs, g1 gc, windows-amd64)
# Problematic frame:
# C  [ucrtbase.dll+0x5af8]
#
# No core dump will be written. Minidumps are not enabled by default on client versions of Windows
#
# If you would like to submit a bug report, please visit:
#   https://bugreport.java.com/bugreport/crash.jsp
#

---------------  S U M M A R Y ------------

Command Line: -Dfile.encoding=UTF-8 -Dstdout.encoding=UTF-8 -Dstderr.encoding=UTF-8 -XX:+ShowCodeDetailsInExceptionMessages com.Main.Main

Host: 11th Gen Intel(R) Core(TM) i5-1135G7 @ 2.40GHz, 8 cores, 7G,  Windows 11 , 64 bit Build 22621 (10.0.22621.3374)
Time: Tue Apr 23 17:18:44 2024 SA Pacific Standard Time elapsed time: 38.648423 seconds (0d 0h 0m 38s)

---------------  T H R E A D  ---------------

Current thread (0x0000028123f1db20):  JavaThread "C2 CompilerThread0" daemon [_thread_in_native, id=27556, stack(0x000000b91c700000,0x000000b91c800000) (1024K)]


Current CompileTask:
C2:  38648 1091       4       java.awt.AWTEvent::<init> (81 bytes)

Stack: [0x000000b91c700000,0x000000b91c800000],  sp=0x000000b91c7fb6c0,  free space=1005k
Native frames: (J=compiled Java code, j=interpreted, Vv=VM code, C=native code)
C  [ucrtbase.dll+0x5af8]
C  [ucrtbase.dll+0x61ec]
C  [ucrtbase.dll+0x532d]
C  [ucrtbase.dll+0x51d4]
C  [ucrtbase.dll+0x3403]
C  [ucrtbase.dll+0x332b]
C  [ucrtbase.dll+0x32db]
C  [awt.dll+0x74ccd]


siginfo: EXCEPTION_ACCESS_VIOLATION (0xc0000005), writing address 0x0000000000000000


Registers:
RAX=0x0000028105541f6a, RBX=0x00007ffbb26af550, RCX=0x0000000000000000, RDX=0x0000028105541ff0
RSP=0x000000b91c7fb6c0, RBP=0x0000000000000000, RSI=0x000000b91c7fbd00, RDI=0x0000000000000000
R8 =0x000000b91c7fbd00, R9 =0x0000000000002282, R10=0x0000000000000002, R11=0x00007ffbb26b0990
R12=0x0000028123f2d5b0, R13=0x000000b91c7fe150, R14=0x000000b91c7fbc20, R15=0x00007ffbb268c530
RIP=0x00007ffbb25b5af8, EFLAGS=0x0000000000010246


Register to memory mapping:

RAX=0x0000028105541f6a points into unknown readable memory: ff ff 00 00 00 00
RBX=0x00007ffbb26af550 ucrtbase.dll
RCX=0x0 is null
RDX=0x0000028105541ff0 points into unknown readable memory: 0xffffffffffffffff | ff ff ff ff ff ff ff ff
RSP=0x000000b91c7fb6c0 is pointing into the stack for thread: 0x0000028123f1db20
RBP=0x0 is null
RSI=0x000000b91c7fbd00 is pointing into the stack for thread: 0x0000028123f1db20
RDI=0x0 is null
R8 =0x000000b91c7fbd00 is pointing into the stack for thread: 0x0000028123f1db20
R9 =0x0000000000002282 is an unknown value
R10=0x0000000000000002 is an unknown value
R11=0x00007ffbb26b0990 ucrtbase.dll
R12=0x0000028123f2d5b0 points into unknown readable memory: 0x8000001200000001 | 01 00 00 00 12 00 00 80
R13=0x000000b91c7fe150 is pointing into the stack for thread: 0x0000028123f1db20
R14=0x000000b91c7fbc20 is pointing into the stack for thread: 0x0000028123f1db20
R15=0x00007ffbb268c530 ucrtbase.dll

Top of Stack: (sp=0x000000b91c7fb6c0)
0x000000b91c7fb6c0:   00000281055302c0 00007ffbb504f476
0x000000b91c7fb6d0:   0000028105530000 000000b91c7fb9c9
0x000000b91c7fb6e0:   000000b91c7fbd00 00007ffbb25b61ec
0x000000b91c7fb6f0:   000002810000006a 00007ffbb26af550
0x000000b91c7fb700:   0000000000000000 000000000000006a
0x000000b91c7fb710:   000000b91c7fbd00 00007ffbb25b532d
0x000000b91c7fb720:   000000b91c7fb7c0 00000000ffffffff
0x000000b91c7fb730:   0000028124480028 0000000000000086
0x000000b91c7fb740:   0000002700000000 00007ffbb25b51d4
0x000000b91c7fb750:   0000000000000860 00007ffb48903e40
0x000000b91c7fb760:   0000028169197550 0000000000000000
0x000000b91c7fb770:   0000028123f1db20 0000028124484d20
0x000000b91c7fb780:   000000b91c7fbd00 00007ffbb26af550
0x000000b91c7fb790:   0000000000000000 00007ffbb25b3403
0x000000b91c7fb7a0:   000000b91c7fbd70 000000b91c7fb8a0
0x000000b91c7fb7b0:   000000b91c7fbd00 000002816913485a
0x000000b91c7fb7c0:   0000000000000024 000000b91c7fbd00
0x000000b91c7fb7d0:   00007ffb6bda16e1 000000b91c7fbdb0
0x000000b91c7fb7e0:   0000020000000000 0000000000000000
0x000000b91c7fb7f0:   0000000000000000 00007ffb48b46a00
0x000000b91c7fb800:   0000028123f1db20 0000000000000000
0x000000b91c7fb810:   0000000000000000 00007ffb48619bb2
0x000000b91c7fb820:   00000000000007ff 0000000000000000
0x000000b91c7fb830:   0000028124480090 0000028169134850
0x000000b91c7fb840:   0000000000000000 0000000000000008
0x000000b91c7fb850:   0000000000000000 000000000000000a
0x000000b91c7fb860:   0000028105530150 000000b91c7fb870
0x000000b91c7fb870:   0000028100000003 0000000000000000
0x000000b91c7fb880:   000002810c08f8fc 0000028169136d48
0x000000b91c7fb890:   0000000002000002 00007ffbb5063477
0x000000b91c7fb8a0:   00000000000000b4 00007ffb4846e418
0x000000b91c7fb8b0:   0000028128000028 000002816913a4d0 

Instructions: (pc=0x00007ffbb25b5af8)
0x00007ffbb25b59f8:   89 03 89 7b 10 8b 43 14 90 a8 04 75 11 8b 43 14
0x00007ffbb25b5a08:   90 83 e0 41 3c 41 0f 84 8c 75 05 00 eb 05 f0 83
0x00007ffbb25b5a18:   63 14 fc 8b 4b 18 4c 8b ce 44 8b c5 49 8b d6 90
0x00007ffbb25b5a28:   e8 fb dd ff ff 48 83 f8 ff 40 0f 95 c7 8d 47 ff
0x00007ffbb25b5a38:   48 8b 5c 24 30 48 8b 6c 24 38 48 8b 74 24 40 48
0x00007ffbb25b5a48:   8b 7c 24 48 48 83 c4 20 41 5e c3 41 c6 41 30 01
0x00007ffbb25b5a58:   83 c8 ff 41 c7 41 2c 16 00 00 00 eb d3 cc cc cc
0x00007ffbb25b5a68:   cc cc cc cc 48 8b c4 48 89 58 10 48 89 68 18 48
0x00007ffbb25b5a78:   89 70 20 88 48 08 57 48 83 ec 20 48 8b ca 49 8b
0x00007ffbb25b5a88:   f0 48 8b da e8 9f 21 00 00 8b 4b 14 90 4c 63 d0
0x00007ffbb25b5a98:   f6 c1 c0 74 75 8b 3b 33 ed 48 8b 53 08 2b 7b 08
0x00007ffbb25b5aa8:   48 8d 42 01 48 89 03 8b 43 20 ff c8 89 43 10 85
0x00007ffbb25b5ab8:   ff 7f 72 41 8d 42 02 83 f8 01 76 7b 49 8b ca 48
0x00007ffbb25b5ac8:   8d 15 c2 ae 0f 00 49 8b c2 48 c1 f8 06 83 e1 3f
0x00007ffbb25b5ad8:   48 8b 04 c2 48 8d 0c c9 48 8d 14 c8 f6 42 38 20
0x00007ffbb25b5ae8:   0f 85 76 16 05 00 48 8b 4b 08 3b ef 8a 44 24 30
0x00007ffbb25b5af8:   88 01 0f 94 c0 48 8b 5c 24 38 48 8b 6c 24 40 48
0x00007ffbb25b5b08:   8b 74 24 48 48 83 c4 20 5f c3 4c 8b ce 48 8d 54
0x00007ffbb25b5b18:   24 30 41 b8 01 00 00 00 41 8b ca e8 7c 28 01 00
0x00007ffbb25b5b28:   83 f8 01 eb cd 4c 8b ce 44 8b c7 41 8b ca e8 69
0x00007ffbb25b5b38:   28 01 00 8b e8 eb af 48 8d 15 ea a0 0f 00 eb 9c
0x00007ffbb25b5b48:   cc cc cc cc cc cc cc cc 48 89 5c 24 08 48 89 74
0x00007ffbb25b5b58:   24 10 57 48 83 ec 20 48 8d 59 08 48 8b f9 48 8b
0x00007ffbb25b5b68:   cb e8 52 02 00 00 8b d0 83 f8 ff 74 3c 0f b6 47
0x00007ffbb25b5b78:   38 3b d0 75 2c 0f b6 f2 e8 bb 23 00 00 45 33 c0
0x00007ffbb25b5b88:   66 44 39 04 70 0f 8c 27 74 05 00 41 b0 01 41 8a
0x00007ffbb25b5b98:   c0 48 8b 5c 24 30 48 8b 74 24 38 48 83 c4 20 5f
0x00007ffbb25b5ba8:   c3 48 8b cb e8 b3 ea ff ff 32 c0 eb e4 cc cc cc
0x00007ffbb25b5bb8:   cc cc cc cc 48 89 5c 24 08 48 89 6c 24 10 48 89
0x00007ffbb25b5bc8:   74 24 18 57 41 54 41 55 41 56 41 57 48 83 ec 40
0x00007ffbb25b5bd8:   4c 8b f9 45 0f b6 e9 48 8b ca 41 8b e8 48 8b f2
0x00007ffbb25b5be8:   e8 17 e7 ff ff 33 ff 84 c0 0f 84 bb 74 05 00 8d 


Stack slot to memory mapping:

stack at sp + 0 slots: 0x00000281055302c0 points into unknown readable memory: 0x00007ffbb5194190 | 90 41 19 b5 fb 7f 00 00
stack at sp + 1 slots: 0x00007ffbb504f476 ntdll.dll
stack at sp + 2 slots: 0x0000028105530000 points into unknown readable memory: 0x0000000000000000 | 00 00 00 00 00 00 00 00
stack at sp + 3 slots: 0x000000b91c7fb9c9 is pointing into the stack for thread: 0x0000028123f1db20
stack at sp + 4 slots: 0x000000b91c7fbd00 is pointing into the stack for thread: 0x0000028123f1db20
stack at sp + 5 slots: 0x00007ffbb25b61ec ucrtbase.dll
stack at sp + 6 slots: 0x000002810000006a is an unknown value
stack at sp + 7 slots: 0x00007ffbb26af550 ucrtbase.dll


---------------  P R O C E S S  ---------------

Threads class SMR info:
_java_thread_list=0x0000028169482f50, length=16, elements={
0x0000028123f14880, 0x0000028123f176a0, 0x0000028123f19c80, 0x0000028123f1a7d0,
0x0000028123f1b320, 0x0000028123f1cd90, 0x0000028123f1db20, 0x0000028123f2ffd0,
0x000002816925fbb0, 0x0000028169281020, 0x00000281693eada0, 0x00000281693ef120,
0x00000281693f42a0, 0x000002816945fe40, 0x0000028169492d60, 0x00000281055582a0
}

Java Threads: ( => current thread )
  0x0000028123f14880 JavaThread "Reference Handler"          daemon [_thread_blocked, id=21956, stack(0x000000b91c100000,0x000000b91c200000) (1024K)]
  0x0000028123f176a0 JavaThread "Finalizer"                  daemon [_thread_blocked, id=9024, stack(0x000000b91c200000,0x000000b91c300000) (1024K)]
  0x0000028123f19c80 JavaThread "Signal Dispatcher"          daemon [_thread_blocked, id=26932, stack(0x000000b91c300000,0x000000b91c400000) (1024K)]
  0x0000028123f1a7d0 JavaThread "Attach Listener"            daemon [_thread_blocked, id=8500, stack(0x000000b91c400000,0x000000b91c500000) (1024K)]
  0x0000028123f1b320 JavaThread "Service Thread"             daemon [_thread_blocked, id=28168, stack(0x000000b91c500000,0x000000b91c600000) (1024K)]
  0x0000028123f1cd90 JavaThread "Monitor Deflation Thread"   daemon [_thread_blocked, id=27808, stack(0x000000b91c600000,0x000000b91c700000) (1024K)]
=>0x0000028123f1db20 JavaThread "C2 CompilerThread0"         daemon [_thread_in_native, id=27556, stack(0x000000b91c700000,0x000000b91c800000) (1024K)]
  0x0000028123f2ffd0 JavaThread "C1 CompilerThread0"         daemon [_thread_blocked, id=19720, stack(0x000000b91c800000,0x000000b91c900000) (1024K)]
  0x000002816925fbb0 JavaThread "Notification Thread"        daemon [_thread_blocked, id=26352, stack(0x000000b91c900000,0x000000b91ca00000) (1024K)]
  0x0000028169281020 JavaThread "Common-Cleaner"             daemon [_thread_blocked, id=27312, stack(0x000000b91ca00000,0x000000b91cb00000) (1024K)]
  0x00000281693eada0 JavaThread "Java2D Disposer"            daemon [_thread_blocked, id=22724, stack(0x000000b91cb00000,0x000000b91cc00000) (1024K)]
  0x00000281693ef120 JavaThread "AWT-Shutdown"                      [_thread_blocked, id=1196, stack(0x000000b91cc00000,0x000000b91cd00000) (1024K)]
  0x00000281693f42a0 JavaThread "AWT-Windows"                daemon [_thread_in_native, id=27036, stack(0x000000b91cd00000,0x000000b91ce00000) (1024K)]
  0x000002816945fe40 JavaThread "AWT-EventQueue-0"                  [_thread_blocked, id=22856, stack(0x000000b91ce00000,0x000000b91cf00000) (1024K)]
  0x0000028169492d60 JavaThread "TimerQueue"                 daemon [_thread_blocked, id=26928, stack(0x000000b91cf00000,0x000000b91d000000) (1024K)]
  0x00000281055582a0 JavaThread "DestroyJavaVM"                     [_thread_blocked, id=27716, stack(0x000000b91b900000,0x000000b91ba00000) (1024K)]
Total: 16

Other Threads:
  0x0000028123ef7550 VMThread "VM Thread"                           [id=10436, stack(0x000000b91c000000,0x000000b91c100000) (1024K)]
  0x0000028123edf0a0 WatcherThread "VM Periodic Task Thread"        [id=27964, stack(0x000000b91bf00000,0x000000b91c000000) (1024K)]
  0x0000028107758180 WorkerThread "GC Thread#0"                     [id=28544, stack(0x000000b91ba00000,0x000000b91bb00000) (1024K)]
  0x0000028107768e70 ConcurrentGCThread "G1 Main Marker"            [id=27604, stack(0x000000b91bb00000,0x000000b91bc00000) (1024K)]
  0x000002810776a2c0 WorkerThread "G1 Conc#0"                       [id=18312, stack(0x000000b91bc00000,0x000000b91bd00000) (1024K)]
  0x0000028123db30e0 ConcurrentGCThread "G1 Refine#0"               [id=20716, stack(0x000000b91bd00000,0x000000b91be00000) (1024K)]
  0x00000281077ca690 ConcurrentGCThread "G1 Service"                [id=21996, stack(0x000000b91be00000,0x000000b91bf00000) (1024K)]
Total: 7

Threads with active compile tasks:
C2 CompilerThread0    38668 1091       4       java.awt.AWTEvent::<init> (81 bytes)
Total: 1

VM state: not at safepoint (normal execution)

VM Mutex/Monitor currently owned by a thread: None

Heap address: 0x0000000085800000, size: 1960 MB, Compressed Oops mode: 32-bit

CDS archive(s) mapped at: [0x0000028124000000-0x0000028124c90000-0x0000028124c90000), size 13172736, SharedBaseAddress: 0x0000028124000000, ArchiveRelocationMode: 1.
Compressed class space mapped at: 0x0000028125000000-0x0000028165000000, reserved size: 1073741824
Narrow klass base: 0x0000028124000000, Narrow klass shift: 0, Narrow klass range: 0x100000000

GC Precious Log:
 CardTable entry size: 512
 Card Set container configuration: InlinePtr #cards 5 size 8 Array Of Cards #cards 12 size 40 Howl #buckets 4 coarsen threshold 1843 Howl Bitmap #cards 512 size 80 coarsen threshold 460 Card regions per heap region 1 cards per card region 2048
 CPUs: 8 total, 8 available
 Memory: 7834M
 Large Page Support: Disabled
 NUMA Support: Disabled
 Compressed Oops: Enabled (32-bit)
 Heap Region Size: 1M
 Heap Min Capacity: 8M
 Heap Initial Capacity: 124M
 Heap Max Capacity: 1960M
 Pre-touch: Disabled
 Parallel Workers: 8
 Concurrent Workers: 2
 Concurrent Refinement Workers: 8
 Periodic GC: Disabled

Heap:
 garbage-first heap   total 126976K, used 20480K [0x0000000085800000, 0x0000000100000000)
  region size 1024K, 10 young (10240K), 0 survivors (0K)
 Metaspace       used 6626K, committed 6848K, reserved 1114112K
  class space    used 670K, committed 768K, reserved 1048576K

Heap Regions: E=young(eden), S=young(survivor), O=old, HS=humongous(starts), HC=humongous(continues), CS=collection set, F=free, TAMS=top-at-mark-start, PB=parsable bottom
|   0|0x0000000085800000, 0x0000000085900000, 0x0000000085900000|100%|HS|  |TAMS 0x0000000085800000| PB 0x0000000085800000| Complete 
|   1|0x0000000085900000, 0x0000000085a00000, 0x0000000085a00000|100%|HC|  |TAMS 0x0000000085900000| PB 0x0000000085900000| Complete 
|   2|0x0000000085a00000, 0x0000000085b00000, 0x0000000085b00000|100%|HC|  |TAMS 0x0000000085a00000| PB 0x0000000085a00000| Complete 
|   3|0x0000000085b00000, 0x0000000085c00000, 0x0000000085c00000|100%|HS|  |TAMS 0x0000000085b00000| PB 0x0000000085b00000| Complete 
|   4|0x0000000085c00000, 0x0000000085d00000, 0x0000000085d00000|100%|HC|  |TAMS 0x0000000085c00000| PB 0x0000000085c00000| Complete 
|   5|0x0000000085d00000, 0x0000000085e00000, 0x0000000085e00000|100%|HC|  |TAMS 0x0000000085d00000| PB 0x0000000085d00000| Complete 
|   6|0x0000000085e00000, 0x0000000085f00000, 0x0000000085f00000|100%|HC|  |TAMS 0x0000000085e00000| PB 0x0000000085e00000| Complete 
|   7|0x0000000085f00000, 0x0000000086000000, 0x0000000086000000|100%|HC|  |TAMS 0x0000000085f00000| PB 0x0000000085f00000| Complete 
|   8|0x0000000086000000, 0x0000000086100000, 0x0000000086100000|100%|HC|  |TAMS 0x0000000086000000| PB 0x0000000086000000| Complete 
|   9|0x0000000086100000, 0x0000000086200000, 0x0000000086200000|100%|HC|  |TAMS 0x0000000086100000| PB 0x0000000086100000| Complete 
|  10|0x0000000086200000, 0x0000000086300000, 0x0000000086300000|100%|HC|  |TAMS 0x0000000086200000| PB 0x0000000086200000| Complete 
|  11|0x0000000086300000, 0x0000000086300000, 0x0000000086400000|  0%| F|  |TAMS 0x0000000086300000| PB 0x0000000086300000| Untracked 
|  12|0x0000000086400000, 0x0000000086400000, 0x0000000086500000|  0%| F|  |TAMS 0x0000000086400000| PB 0x0000000086400000| Untracked 
|  13|0x0000000086500000, 0x0000000086500000, 0x0000000086600000|  0%| F|  |TAMS 0x0000000086500000| PB 0x0000000086500000| Untracked 
|  14|0x0000000086600000, 0x0000000086600000, 0x0000000086700000|  0%| F|  |TAMS 0x0000000086600000| PB 0x0000000086600000| Untracked 
|  15|0x0000000086700000, 0x0000000086700000, 0x0000000086800000|  0%| F|  |TAMS 0x0000000086700000| PB 0x0000000086700000| Untracked 
|  16|0x0000000086800000, 0x0000000086800000, 0x0000000086900000|  0%| F|  |TAMS 0x0000000086800000| PB 0x0000000086800000| Untracked 
|  17|0x0000000086900000, 0x0000000086900000, 0x0000000086a00000|  0%| F|  |TAMS 0x0000000086900000| PB 0x0000000086900000| Untracked 
|  18|0x0000000086a00000, 0x0000000086a00000, 0x0000000086b00000|  0%| F|  |TAMS 0x0000000086a00000| PB 0x0000000086a00000| Untracked 
|  19|0x0000000086b00000, 0x0000000086b00000, 0x0000000086c00000|  0%| F|  |TAMS 0x0000000086b00000| PB 0x0000000086b00000| Untracked 
|  20|0x0000000086c00000, 0x0000000086c00000, 0x0000000086d00000|  0%| F|  |TAMS 0x0000000086c00000| PB 0x0000000086c00000| Untracked 
|  21|0x0000000086d00000, 0x0000000086d00000, 0x0000000086e00000|  0%| F|  |TAMS 0x0000000086d00000| PB 0x0000000086d00000| Untracked 
|  22|0x0000000086e00000, 0x0000000086e00000, 0x0000000086f00000|  0%| F|  |TAMS 0x0000000086e00000| PB 0x0000000086e00000| Untracked 
|  23|0x0000000086f00000, 0x0000000086f00000, 0x0000000087000000|  0%| F|  |TAMS 0x0000000086f00000| PB 0x0000000086f00000| Untracked 
|  24|0x0000000087000000, 0x0000000087000000, 0x0000000087100000|  0%| F|  |TAMS 0x0000000087000000| PB 0x0000000087000000| Untracked 
|  25|0x0000000087100000, 0x0000000087100000, 0x0000000087200000|  0%| F|  |TAMS 0x0000000087100000| PB 0x0000000087100000| Untracked 
|  26|0x0000000087200000, 0x0000000087200000, 0x0000000087300000|  0%| F|  |TAMS 0x0000000087200000| PB 0x0000000087200000| Untracked 
|  27|0x0000000087300000, 0x0000000087300000, 0x0000000087400000|  0%| F|  |TAMS 0x0000000087300000| PB 0x0000000087300000| Untracked 
|  28|0x0000000087400000, 0x0000000087400000, 0x0000000087500000|  0%| F|  |TAMS 0x0000000087400000| PB 0x0000000087400000| Untracked 
|  29|0x0000000087500000, 0x0000000087500000, 0x0000000087600000|  0%| F|  |TAMS 0x0000000087500000| PB 0x0000000087500000| Untracked 
|  30|0x0000000087600000, 0x0000000087600000, 0x0000000087700000|  0%| F|  |TAMS 0x0000000087600000| PB 0x0000000087600000| Untracked 
|  31|0x0000000087700000, 0x0000000087700000, 0x0000000087800000|  0%| F|  |TAMS 0x0000000087700000| PB 0x0000000087700000| Untracked 
|  32|0x0000000087800000, 0x0000000087800000, 0x0000000087900000|  0%| F|  |TAMS 0x0000000087800000| PB 0x0000000087800000| Untracked 
|  33|0x0000000087900000, 0x0000000087900000, 0x0000000087a00000|  0%| F|  |TAMS 0x0000000087900000| PB 0x0000000087900000| Untracked 
|  34|0x0000000087a00000, 0x0000000087a00000, 0x0000000087b00000|  0%| F|  |TAMS 0x0000000087a00000| PB 0x0000000087a00000| Untracked 
|  35|0x0000000087b00000, 0x0000000087b00000, 0x0000000087c00000|  0%| F|  |TAMS 0x0000000087b00000| PB 0x0000000087b00000| Untracked 
|  36|0x0000000087c00000, 0x0000000087c00000, 0x0000000087d00000|  0%| F|  |TAMS 0x0000000087c00000| PB 0x0000000087c00000| Untracked 
|  37|0x0000000087d00000, 0x0000000087d00000, 0x0000000087e00000|  0%| F|  |TAMS 0x0000000087d00000| PB 0x0000000087d00000| Untracked 
|  38|0x0000000087e00000, 0x0000000087e00000, 0x0000000087f00000|  0%| F|  |TAMS 0x0000000087e00000| PB 0x0000000087e00000| Untracked 
|  39|0x0000000087f00000, 0x0000000087f00000, 0x0000000088000000|  0%| F|  |TAMS 0x0000000087f00000| PB 0x0000000087f00000| Untracked 
|  40|0x0000000088000000, 0x0000000088000000, 0x0000000088100000|  0%| F|  |TAMS 0x0000000088000000| PB 0x0000000088000000| Untracked 
|  41|0x0000000088100000, 0x0000000088100000, 0x0000000088200000|  0%| F|  |TAMS 0x0000000088100000| PB 0x0000000088100000| Untracked 
|  42|0x0000000088200000, 0x0000000088200000, 0x0000000088300000|  0%| F|  |TAMS 0x0000000088200000| PB 0x0000000088200000| Untracked 
|  43|0x0000000088300000, 0x0000000088300000, 0x0000000088400000|  0%| F|  |TAMS 0x0000000088300000| PB 0x0000000088300000| Untracked 
|  44|0x0000000088400000, 0x0000000088400000, 0x0000000088500000|  0%| F|  |TAMS 0x0000000088400000| PB 0x0000000088400000| Untracked 
|  45|0x0000000088500000, 0x0000000088500000, 0x0000000088600000|  0%| F|  |TAMS 0x0000000088500000| PB 0x0000000088500000| Untracked 
|  46|0x0000000088600000, 0x0000000088600000, 0x0000000088700000|  0%| F|  |TAMS 0x0000000088600000| PB 0x0000000088600000| Untracked 
|  47|0x0000000088700000, 0x0000000088700000, 0x0000000088800000|  0%| F|  |TAMS 0x0000000088700000| PB 0x0000000088700000| Untracked 
|  48|0x0000000088800000, 0x0000000088800000, 0x0000000088900000|  0%| F|  |TAMS 0x0000000088800000| PB 0x0000000088800000| Untracked 
|  49|0x0000000088900000, 0x0000000088900000, 0x0000000088a00000|  0%| F|  |TAMS 0x0000000088900000| PB 0x0000000088900000| Untracked 
|  50|0x0000000088a00000, 0x0000000088a00000, 0x0000000088b00000|  0%| F|  |TAMS 0x0000000088a00000| PB 0x0000000088a00000| Untracked 
|  51|0x0000000088b00000, 0x0000000088b00000, 0x0000000088c00000|  0%| F|  |TAMS 0x0000000088b00000| PB 0x0000000088b00000| Untracked 
|  52|0x0000000088c00000, 0x0000000088c00000, 0x0000000088d00000|  0%| F|  |TAMS 0x0000000088c00000| PB 0x0000000088c00000| Untracked 
|  53|0x0000000088d00000, 0x0000000088d00000, 0x0000000088e00000|  0%| F|  |TAMS 0x0000000088d00000| PB 0x0000000088d00000| Untracked 
|  54|0x0000000088e00000, 0x0000000088e00000, 0x0000000088f00000|  0%| F|  |TAMS 0x0000000088e00000| PB 0x0000000088e00000| Untracked 
|  55|0x0000000088f00000, 0x0000000088f00000, 0x0000000089000000|  0%| F|  |TAMS 0x0000000088f00000| PB 0x0000000088f00000| Untracked 
|  56|0x0000000089000000, 0x0000000089000000, 0x0000000089100000|  0%| F|  |TAMS 0x0000000089000000| PB 0x0000000089000000| Untracked 
|  57|0x0000000089100000, 0x0000000089100000, 0x0000000089200000|  0%| F|  |TAMS 0x0000000089100000| PB 0x0000000089100000| Untracked 
|  58|0x0000000089200000, 0x0000000089200000, 0x0000000089300000|  0%| F|  |TAMS 0x0000000089200000| PB 0x0000000089200000| Untracked 
|  59|0x0000000089300000, 0x0000000089300000, 0x0000000089400000|  0%| F|  |TAMS 0x0000000089300000| PB 0x0000000089300000| Untracked 
|  60|0x0000000089400000, 0x0000000089400000, 0x0000000089500000|  0%| F|  |TAMS 0x0000000089400000| PB 0x0000000089400000| Untracked 
|  61|0x0000000089500000, 0x0000000089500000, 0x0000000089600000|  0%| F|  |TAMS 0x0000000089500000| PB 0x0000000089500000| Untracked 
|  62|0x0000000089600000, 0x0000000089600000, 0x0000000089700000|  0%| F|  |TAMS 0x0000000089600000| PB 0x0000000089600000| Untracked 
|  63|0x0000000089700000, 0x0000000089700000, 0x0000000089800000|  0%| F|  |TAMS 0x0000000089700000| PB 0x0000000089700000| Untracked 
|  64|0x0000000089800000, 0x0000000089800000, 0x0000000089900000|  0%| F|  |TAMS 0x0000000089800000| PB 0x0000000089800000| Untracked 
|  65|0x0000000089900000, 0x0000000089900000, 0x0000000089a00000|  0%| F|  |TAMS 0x0000000089900000| PB 0x0000000089900000| Untracked 
|  66|0x0000000089a00000, 0x0000000089a00000, 0x0000000089b00000|  0%| F|  |TAMS 0x0000000089a00000| PB 0x0000000089a00000| Untracked 
|  67|0x0000000089b00000, 0x0000000089b00000, 0x0000000089c00000|  0%| F|  |TAMS 0x0000000089b00000| PB 0x0000000089b00000| Untracked 
|  68|0x0000000089c00000, 0x0000000089c00000, 0x0000000089d00000|  0%| F|  |TAMS 0x0000000089c00000| PB 0x0000000089c00000| Untracked 
|  69|0x0000000089d00000, 0x0000000089d00000, 0x0000000089e00000|  0%| F|  |TAMS 0x0000000089d00000| PB 0x0000000089d00000| Untracked 
|  70|0x0000000089e00000, 0x0000000089e00000, 0x0000000089f00000|  0%| F|  |TAMS 0x0000000089e00000| PB 0x0000000089e00000| Untracked 
|  71|0x0000000089f00000, 0x0000000089f00000, 0x000000008a000000|  0%| F|  |TAMS 0x0000000089f00000| PB 0x0000000089f00000| Untracked 
|  72|0x000000008a000000, 0x000000008a000000, 0x000000008a100000|  0%| F|  |TAMS 0x000000008a000000| PB 0x000000008a000000| Untracked 
|  73|0x000000008a100000, 0x000000008a100000, 0x000000008a200000|  0%| F|  |TAMS 0x000000008a100000| PB 0x000000008a100000| Untracked 
|  74|0x000000008a200000, 0x000000008a200000, 0x000000008a300000|  0%| F|  |TAMS 0x000000008a200000| PB 0x000000008a200000| Untracked 
|  75|0x000000008a300000, 0x000000008a300000, 0x000000008a400000|  0%| F|  |TAMS 0x000000008a300000| PB 0x000000008a300000| Untracked 
|  76|0x000000008a400000, 0x000000008a400000, 0x000000008a500000|  0%| F|  |TAMS 0x000000008a400000| PB 0x000000008a400000| Untracked 
|  77|0x000000008a500000, 0x000000008a500000, 0x000000008a600000|  0%| F|  |TAMS 0x000000008a500000| PB 0x000000008a500000| Untracked 
|  78|0x000000008a600000, 0x000000008a600000, 0x000000008a700000|  0%| F|  |TAMS 0x000000008a600000| PB 0x000000008a600000| Untracked 
|  79|0x000000008a700000, 0x000000008a700000, 0x000000008a800000|  0%| F|  |TAMS 0x000000008a700000| PB 0x000000008a700000| Untracked 
|  80|0x000000008a800000, 0x000000008a800000, 0x000000008a900000|  0%| F|  |TAMS 0x000000008a800000| PB 0x000000008a800000| Untracked 
|  81|0x000000008a900000, 0x000000008a900000, 0x000000008aa00000|  0%| F|  |TAMS 0x000000008a900000| PB 0x000000008a900000| Untracked 
|  82|0x000000008aa00000, 0x000000008aa00000, 0x000000008ab00000|  0%| F|  |TAMS 0x000000008aa00000| PB 0x000000008aa00000| Untracked 
|  83|0x000000008ab00000, 0x000000008ab00000, 0x000000008ac00000|  0%| F|  |TAMS 0x000000008ab00000| PB 0x000000008ab00000| Untracked 
|  84|0x000000008ac00000, 0x000000008ac00000, 0x000000008ad00000|  0%| F|  |TAMS 0x000000008ac00000| PB 0x000000008ac00000| Untracked 
|  85|0x000000008ad00000, 0x000000008ad00000, 0x000000008ae00000|  0%| F|  |TAMS 0x000000008ad00000| PB 0x000000008ad00000| Untracked 
|  86|0x000000008ae00000, 0x000000008ae00000, 0x000000008af00000|  0%| F|  |TAMS 0x000000008ae00000| PB 0x000000008ae00000| Untracked 
|  87|0x000000008af00000, 0x000000008af00000, 0x000000008b000000|  0%| F|  |TAMS 0x000000008af00000| PB 0x000000008af00000| Untracked 
|  88|0x000000008b000000, 0x000000008b000000, 0x000000008b100000|  0%| F|  |TAMS 0x000000008b000000| PB 0x000000008b000000| Untracked 
|  89|0x000000008b100000, 0x000000008b100000, 0x000000008b200000|  0%| F|  |TAMS 0x000000008b100000| PB 0x000000008b100000| Untracked 
|  90|0x000000008b200000, 0x000000008b200000, 0x000000008b300000|  0%| F|  |TAMS 0x000000008b200000| PB 0x000000008b200000| Untracked 
|  91|0x000000008b300000, 0x000000008b300000, 0x000000008b400000|  0%| F|  |TAMS 0x000000008b300000| PB 0x000000008b300000| Untracked 
|  92|0x000000008b400000, 0x000000008b400000, 0x000000008b500000|  0%| F|  |TAMS 0x000000008b400000| PB 0x000000008b400000| Untracked 
|  93|0x000000008b500000, 0x000000008b500000, 0x000000008b600000|  0%| F|  |TAMS 0x000000008b500000| PB 0x000000008b500000| Untracked 
|  94|0x000000008b600000, 0x000000008b600000, 0x000000008b700000|  0%| F|  |TAMS 0x000000008b600000| PB 0x000000008b600000| Untracked 
|  95|0x000000008b700000, 0x000000008b700000, 0x000000008b800000|  0%| F|  |TAMS 0x000000008b700000| PB 0x000000008b700000| Untracked 
|  96|0x000000008b800000, 0x000000008b800000, 0x000000008b900000|  0%| F|  |TAMS 0x000000008b800000| PB 0x000000008b800000| Untracked 
|  97|0x000000008b900000, 0x000000008b900000, 0x000000008ba00000|  0%| F|  |TAMS 0x000000008b900000| PB 0x000000008b900000| Untracked 
|  98|0x000000008ba00000, 0x000000008ba00000, 0x000000008bb00000|  0%| F|  |TAMS 0x000000008ba00000| PB 0x000000008ba00000| Untracked 
|  99|0x000000008bb00000, 0x000000008bb00000, 0x000000008bc00000|  0%| F|  |TAMS 0x000000008bb00000| PB 0x000000008bb00000| Untracked 
| 100|0x000000008bc00000, 0x000000008bc00000, 0x000000008bd00000|  0%| F|  |TAMS 0x000000008bc00000| PB 0x000000008bc00000| Untracked 
| 101|0x000000008bd00000, 0x000000008bd00000, 0x000000008be00000|  0%| F|  |TAMS 0x000000008bd00000| PB 0x000000008bd00000| Untracked 
| 102|0x000000008be00000, 0x000000008be00000, 0x000000008bf00000|  0%| F|  |TAMS 0x000000008be00000| PB 0x000000008be00000| Untracked 
| 103|0x000000008bf00000, 0x000000008bf00000, 0x000000008c000000|  0%| F|  |TAMS 0x000000008bf00000| PB 0x000000008bf00000| Untracked 
| 104|0x000000008c000000, 0x000000008c000000, 0x000000008c100000|  0%| F|  |TAMS 0x000000008c000000| PB 0x000000008c000000| Untracked 
| 105|0x000000008c100000, 0x000000008c100000, 0x000000008c200000|  0%| F|  |TAMS 0x000000008c100000| PB 0x000000008c100000| Untracked 
| 106|0x000000008c200000, 0x000000008c200000, 0x000000008c300000|  0%| F|  |TAMS 0x000000008c200000| PB 0x000000008c200000| Untracked 
| 107|0x000000008c300000, 0x000000008c300000, 0x000000008c400000|  0%| F|  |TAMS 0x000000008c300000| PB 0x000000008c300000| Untracked 
| 108|0x000000008c400000, 0x000000008c400000, 0x000000008c500000|  0%| F|  |TAMS 0x000000008c400000| PB 0x000000008c400000| Untracked 
| 109|0x000000008c500000, 0x000000008c500000, 0x000000008c600000|  0%| F|  |TAMS 0x000000008c500000| PB 0x000000008c500000| Untracked 
| 110|0x000000008c600000, 0x000000008c600000, 0x000000008c700000|  0%| F|  |TAMS 0x000000008c600000| PB 0x000000008c600000| Untracked 
| 111|0x000000008c700000, 0x000000008c700000, 0x000000008c800000|  0%| F|  |TAMS 0x000000008c700000| PB 0x000000008c700000| Untracked 
| 112|0x000000008c800000, 0x000000008c800000, 0x000000008c900000|  0%| F|  |TAMS 0x000000008c800000| PB 0x000000008c800000| Untracked 
| 113|0x000000008c900000, 0x000000008c900000, 0x000000008ca00000|  0%| F|  |TAMS 0x000000008c900000| PB 0x000000008c900000| Untracked 
| 114|0x000000008ca00000, 0x000000008ca76440, 0x000000008cb00000| 46%| E|  |TAMS 0x000000008ca00000| PB 0x000000008ca00000| Complete 
| 115|0x000000008cb00000, 0x000000008cc00000, 0x000000008cc00000|100%| E|CS|TAMS 0x000000008cb00000| PB 0x000000008cb00000| Complete 
| 116|0x000000008cc00000, 0x000000008cd00000, 0x000000008cd00000|100%| E|CS|TAMS 0x000000008cc00000| PB 0x000000008cc00000| Complete 
| 117|0x000000008cd00000, 0x000000008ce00000, 0x000000008ce00000|100%| E|CS|TAMS 0x000000008cd00000| PB 0x000000008cd00000| Complete 
| 118|0x000000008ce00000, 0x000000008cf00000, 0x000000008cf00000|100%| E|CS|TAMS 0x000000008ce00000| PB 0x000000008ce00000| Complete 
| 119|0x000000008cf00000, 0x000000008d000000, 0x000000008d000000|100%| E|CS|TAMS 0x000000008cf00000| PB 0x000000008cf00000| Complete 
| 120|0x000000008d000000, 0x000000008d100000, 0x000000008d100000|100%| E|CS|TAMS 0x000000008d000000| PB 0x000000008d000000| Complete 
| 121|0x000000008d100000, 0x000000008d200000, 0x000000008d200000|100%| E|CS|TAMS 0x000000008d100000| PB 0x000000008d100000| Complete 
| 122|0x000000008d200000, 0x000000008d300000, 0x000000008d300000|100%| E|CS|TAMS 0x000000008d200000| PB 0x000000008d200000| Complete 
| 123|0x000000008d300000, 0x000000008d400000, 0x000000008d400000|100%| E|CS|TAMS 0x000000008d300000| PB 0x000000008d300000| Complete 

Card table byte_map: [0x000002811f280000,0x000002811f660000] _byte_map_base: 0x000002811ee54000

Marking Bits: (CMBitMap*) 0x0000028107758880
 Bits: [0x000002811f660000, 0x0000028121500000)

Polling page: 0x0000028105650000

Metaspace:

Usage:
  Non-class:      5.82 MB used.
      Class:    670.34 KB used.
       Both:      6.47 MB used.

Virtual space:
  Non-class space:       64.00 MB reserved,       5.94 MB (  9%) committed,  1 nodes.
      Class space:        1.00 GB reserved,     768.00 KB ( <1%) committed,  1 nodes.
             Both:        1.06 GB reserved,       6.69 MB ( <1%) committed. 

Chunk freelists:
   Non-Class:  10.10 MB
       Class:  15.24 MB
        Both:  25.34 MB

MaxMetaspaceSize: unlimited
CompressedClassSpaceSize: 1.00 GB
Initial GC threshold: 21.00 MB
Current GC threshold: 21.00 MB
CDS: on
 - commit_granule_bytes: 65536.
 - commit_granule_words: 8192.
 - virtual_space_node_default_size: 8388608.
 - enlarge_chunks_in_place: 1.
 - use_allocation_guard: 0.


Internal statistics:

num_allocs_failed_limit: 0.
num_arena_births: 140.
num_arena_deaths: 0.
num_vsnodes_births: 2.
num_vsnodes_deaths: 0.
num_space_committed: 107.
num_space_uncommitted: 0.
num_chunks_returned_to_freelist: 0.
num_chunks_taken_from_freelist: 179.
num_chunk_merges: 0.
num_chunk_splits: 106.
num_chunks_enlarged: 39.
num_inconsistent_stats: 0.

CodeHeap 'non-profiled nmethods': size=120000Kb used=354Kb max_used=354Kb free=119645Kb
 bounds [0x0000028117640000, 0x00000281178b0000, 0x000002811eb70000]
CodeHeap 'profiled nmethods': size=120000Kb used=1598Kb max_used=1598Kb free=118402Kb
 bounds [0x000002810fb70000, 0x000002810fde0000, 0x00000281170a0000]
CodeHeap 'non-nmethods': size=5760Kb used=1675Kb max_used=1720Kb free=4085Kb
 bounds [0x00000281170a0000, 0x0000028117310000, 0x0000028117640000]
 total_blobs=1674 nmethods=1090 adapters=489
 compilation: enabled
              stopped_count=0, restarted_count=0
 full_count=0

Compilation events (20 events):
Event: 28.336 Thread 0x0000028123f1db20 nmethod 1081 0x0000028117695410 code [0x00000281176955a0, 0x0000028117695630]
Event: 28.350 Thread 0x0000028123f1db20 1082   !   4       java.util.concurrent.locks.AbstractQueuedSynchronizer::acquire (424 bytes)
Event: 28.355 Thread 0x0000028123f1db20 nmethod 1082 0x0000028117695710 code [0x00000281176958c0, 0x0000028117695e38]
Event: 28.355 Thread 0x0000028123f1db20 1083       4       java.util.concurrent.locks.ReentrantLock$NonfairSync::tryAcquire (27 bytes)
Event: 28.357 Thread 0x0000028123f1db20 nmethod 1083 0x0000028117696090 code [0x0000028117696220, 0x00000281176963b8]
Event: 28.507 Thread 0x0000028123f1db20 1084       4       java.util.concurrent.TimeUnit::toNanos (45 bytes)
Event: 28.507 Thread 0x0000028123f1db20 nmethod 1084 0x0000028117696490 code [0x0000028117696620, 0x0000028117696718]
Event: 28.895 Thread 0x0000028123f1db20 1085       4       sun.awt.AWTAutoShutdown::isReadyToShutdown (37 bytes)
Event: 28.897 Thread 0x0000028123f1db20 nmethod 1085 0x0000028117696810 code [0x00000281176969a0, 0x0000028117696a90]
Event: 28.973 Thread 0x0000028123f1db20 1086       4       java.util.concurrent.locks.AbstractQueuedSynchronizer$ConditionObject::enableWait (84 bytes)
Event: 28.980 Thread 0x0000028123f1db20 nmethod 1086 0x0000028117696b90 code [0x0000028117696d80, 0x00000281176973d0]
Event: 30.341 Thread 0x0000028123f1db20 1087       4       java.awt.EventQueue::getNextEventPrivate (76 bytes)
Event: 30.348 Thread 0x0000028123f1db20 nmethod 1087 0x0000028117697710 code [0x00000281176978e0, 0x0000028117697dc8]
Event: 33.606 Thread 0x0000028123f1db20 1088  s    4       java.awt.Toolkit::getDefaultToolkit (53 bytes)
Event: 33.608 Thread 0x0000028123f1db20 nmethod 1088 0x0000028117698090 code [0x0000028117698220, 0x0000028117698410]
Event: 35.693 Thread 0x0000028123f1db20 1089       4       java.security.AccessController::checkContext (49 bytes)
Event: 35.693 Thread 0x0000028123f1db20 nmethod 1089 0x0000028117698490 code [0x0000028117698600, 0x0000028117698668]
Event: 38.271 Thread 0x0000028123f1db20 1090       4       java.awt.EventQueue::eventToCacheIndex (80 bytes)
Event: 38.272 Thread 0x0000028123f1db20 nmethod 1090 0x0000028117698790 code [0x0000028117698920, 0x0000028117698a30]
Event: 38.628 Thread 0x0000028123f1db20 1091       4       java.awt.AWTEvent::<init> (81 bytes)

GC Heap History (0 events):
No events

Dll operation events (6 events):
Event: 0.016 Loaded shared library C:\Program Files\Java\jdk-21\bin\java.dll
Event: 0.128 Loaded shared library C:\Program Files\Java\jdk-21\bin\jsvml.dll
Event: 0.169 Loaded shared library C:\Program Files\Java\jdk-21\bin\jimage.dll
Event: 0.191 Loaded shared library C:\Program Files\Java\jdk-21\bin\awt.dll
Event: 0.354 Loaded shared library C:\Program Files\Java\jdk-21\bin\freetype.dll
Event: 0.355 Loaded shared library C:\Program Files\Java\jdk-21\bin\fontmanager.dll

Deoptimization events (0 events):
No events

Classes loaded (20 events):
Event: 0.469 Loading class java/text/CharacterIterator
Event: 0.469 Loading class java/text/CharacterIterator done
Event: 0.469 Loading class java/text/AttributedCharacterIterator done
Event: 0.469 Loading class java/text/AttributedString$AttributedStringIterator done
Event: 0.469 Loading class java/awt/TextComponent
Event: 0.470 Loading class java/awt/TextComponent done
Event: 0.470 Loading class javax/swing/text/JTextComponent
Event: 0.470 Loading class javax/swing/Scrollable
Event: 0.470 Loading class javax/swing/Scrollable done
Event: 0.470 Loading class javax/swing/text/JTextComponent done
Event: 0.475 Loading class java/awt/event/MouseWheelEvent
Event: 0.475 Loading class java/awt/event/MouseWheelEvent done
Event: 1.313 Loading class java/applet/Applet
Event: 1.314 Loading class java/awt/Panel
Event: 1.314 Loading class java/awt/Panel done
Event: 1.314 Loading class java/applet/Applet done
Event: 4.198 Loading class java/awt/KeyboardFocusManager$2
Event: 4.198 Loading class java/awt/KeyboardFocusManager$2 done
Event: 4.199 Loading class sun/awt/SunToolkit$1
Event: 4.199 Loading class sun/awt/SunToolkit$1 done

Classes unloaded (0 events):
No events

Classes redefined (0 events):
No events

Internal exceptions (11 events):
Event: 0.177 Thread 0x00000281055582a0 Exception <a 'java/lang/ClassNotFoundException'{0x000000008d24a9b0}: sun/awt/resources/spi/awtProvider> (0x000000008d24a9b0) 
thrown [s\open\src\hotspot\share\classfile\systemDictionary.cpp, line 312]
Event: 0.201 Thread 0x00000281055582a0 Exception <a 'java/io/FileNotFoundException'{0x000000008d11a7b0}> (0x000000008d11a7b0) 
thrown [s\open\src\hotspot\share\prims\jni.cpp, line 520]
Event: 0.210 Thread 0x00000281055582a0 Exception <a 'java/io/FileNotFoundException'{0x000000008d144770}> (0x000000008d144770) 
thrown [s\open\src\hotspot\share\prims\jni.cpp, line 520]
Event: 0.287 Thread 0x00000281055582a0 Exception <a 'java/lang/NoSuchMethodError'{0x000000008d1dd3d8}: 'void java.lang.invoke.DirectMethodHandle$Holder.invokeSpecial(java.lang.Object, java.lang.Object, java.lang.Object)'> (0x000000008d1dd3d8) 
thrown [s\open\src\hotspot\share\interpreter\linkResolver.cpp, line 773]
Event: 0.293 Thread 0x00000281055582a0 Exception <a 'java/lang/NoSuchMethodError'{0x000000008d08d688}: 'java.lang.Object java.lang.invoke.DirectMethodHandle$Holder.newInvokeSpecial(java.lang.Object, java.lang.Object, java.lang.Object, java.lang.Object, java.lang.Object)'> (0x000000008d08d688) 
thrown [s\open\src\hotspot\share\interpreter\linkResolver.cpp, line 773]
Event: 0.298 Thread 0x00000281055582a0 Exception <a 'java/lang/NoSuchMethodError'{0x000000008d0b9210}: 'java.lang.Object java.lang.invoke.DirectMethodHandle$Holder.invokeStatic(java.lang.Object, int, java.lang.Object)'> (0x000000008d0b9210) 
thrown [s\open\src\hotspot\share\interpreter\linkResolver.cpp, line 773]
Event: 0.314 Thread 0x00000281055582a0 Exception <a 'java/lang/ClassNotFoundException'{0x000000008cf6c868}: com/sun/swing/internal/plaf/metal/resources/spi/metalProvider> (0x000000008cf6c868) 
thrown [s\open\src\hotspot\share\classfile\systemDictionary.cpp, line 312]
Event: 0.315 Thread 0x00000281055582a0 Exception <a 'java/lang/ClassNotFoundException'{0x000000008cf707a8}: com/sun/swing/internal/plaf/basic/resources/spi/basicProvider> (0x000000008cf707a8) 
thrown [s\open\src\hotspot\share\classfile\systemDictionary.cpp, line 312]
Event: 0.324 Thread 0x00000281055582a0 Exception <a 'java/lang/NoSuchMethodError'{0x000000008cf90160}: 'int java.lang.invoke.Invokers$Holder.invokeExact_MT(java.lang.Object, java.lang.Object)'> (0x000000008cf90160) 
thrown [s\open\src\hotspot\share\interpreter\linkResolver.cpp, line 773]
Event: 0.335 Thread 0x00000281693f42a0 Exception <a 'java/lang/NoSuchMethodError'{0x000000008d00ee58}: 'void java.lang.invoke.DirectMethodHandle$Holder.invokeVirtual(java.lang.Object, java.lang.Object)'> (0x000000008d00ee58) 
thrown [s\open\src\hotspot\share\interpreter\linkResolver.cpp, line 773]
Event: 0.350 Thread 0x00000281055582a0 Exception <a 'java/lang/NoSuchMethodError'{0x000000008cfb5330}: 'void java.lang.invoke.DirectMethodHandle$Holder.invokeStaticInit(java.lang.Object)'> (0x000000008cfb5330) 
thrown [s\open\src\hotspot\share\interpreter\linkResolver.cpp, line 773]

ZGC Phase Switch (0 events):
No events

VM Operations (20 events):
Event: 1.317 Executing VM operation: Cleanup
Event: 1.317 Executing VM operation: Cleanup done
Event: 2.328 Executing VM operation: Cleanup
Event: 2.328 Executing VM operation: Cleanup done
Event: 3.339 Executing VM operation: Cleanup
Event: 3.339 Executing VM operation: Cleanup done
Event: 4.345 Executing VM operation: Cleanup
Event: 4.345 Executing VM operation: Cleanup done
Event: 5.355 Executing VM operation: Cleanup
Event: 5.355 Executing VM operation: Cleanup done
Event: 6.365 Executing VM operation: Cleanup
Event: 6.365 Executing VM operation: Cleanup done
Event: 8.383 Executing VM operation: Cleanup
Event: 8.383 Executing VM operation: Cleanup done
Event: 9.393 Executing VM operation: Cleanup
Event: 9.393 Executing VM operation: Cleanup done
Event: 15.453 Executing VM operation: Cleanup
Event: 15.453 Executing VM operation: Cleanup done
Event: 28.567 Executing VM operation: Cleanup
Event: 28.567 Executing VM operation: Cleanup done

Events (18 events):
Event: 0.095 Thread 0x00000281055582a0 Thread added: 0x00000281055582a0
Event: 0.112 Thread 0x0000028123f14880 Thread added: 0x0000028123f14880
Event: 0.112 Thread 0x0000028123f176a0 Thread added: 0x0000028123f176a0
Event: 0.113 Thread 0x0000028123f19c80 Thread added: 0x0000028123f19c80
Event: 0.113 Thread 0x0000028123f1a7d0 Thread added: 0x0000028123f1a7d0
Event: 0.113 Thread 0x0000028123f1b320 Thread added: 0x0000028123f1b320
Event: 0.113 Thread 0x0000028123f1cd90 Thread added: 0x0000028123f1cd90
Event: 0.125 Thread 0x0000028123f1db20 Thread added: 0x0000028123f1db20
Event: 0.126 Thread 0x0000028123f2ffd0 Thread added: 0x0000028123f2ffd0
Event: 0.145 Thread 0x000002816925fbb0 Thread added: 0x000002816925fbb0
Event: 0.149 Thread 0x0000028169281020 Thread added: 0x0000028169281020
Event: 0.258 Thread 0x00000281693eada0 Thread added: 0x00000281693eada0
Event: 0.259 Thread 0x00000281693ef120 Thread added: 0x00000281693ef120
Event: 0.260 Thread 0x00000281693f42a0 Thread added: 0x00000281693f42a0
Event: 0.335 Thread 0x000002816945fe40 Thread added: 0x000002816945fe40
Event: 0.418 Thread 0x0000028169492d60 Thread added: 0x0000028169492d60
Event: 0.418 Thread 0x00000281055582a0 Thread exited: 0x00000281055582a0
Event: 0.418 Thread 0x00000281055582a0 Thread added: 0x00000281055582a0


Dynamic libraries:
0x00007ff601b50000 - 0x00007ff601b60000 	C:\Program Files\Java\jdk-21\bin\javaw.exe
0x00007ffbb5010000 - 0x00007ffbb5226000 	C:\WINDOWS\SYSTEM32\ntdll.dll
0x00007ffbb3440000 - 0x00007ffbb3504000 	C:\WINDOWS\System32\KERNEL32.DLL
0x00007ffbb2990000 - 0x00007ffbb2d37000 	C:\WINDOWS\System32\KERNELBASE.dll
0x00007ffbb25b0000 - 0x00007ffbb26c1000 	C:\WINDOWS\System32\ucrtbase.dll
0x00007ffb491c0000 - 0x00007ffb491db000 	C:\Program Files\Java\jdk-21\bin\VCRUNTIME140.dll
0x00007ffb491a0000 - 0x00007ffb491b9000 	C:\Program Files\Java\jdk-21\bin\jli.dll
0x00007ffbb3c00000 - 0x00007ffbb3cb2000 	C:\WINDOWS\System32\ADVAPI32.dll
0x00007ffbb2e80000 - 0x00007ffbb2f27000 	C:\WINDOWS\System32\msvcrt.dll
0x00007ffbb31b0000 - 0x00007ffbb3258000 	C:\WINDOWS\System32\sechost.dll
0x00007ffbb26d0000 - 0x00007ffbb26f8000 	C:\WINDOWS\System32\bcrypt.dll
0x00007ffbb3560000 - 0x00007ffbb3675000 	C:\WINDOWS\System32\RPCRT4.dll
0x00007ffbb2f30000 - 0x00007ffbb30de000 	C:\WINDOWS\System32\USER32.dll
0x00007ffbb2510000 - 0x00007ffbb2536000 	C:\WINDOWS\System32\win32u.dll
0x00007ffbb3680000 - 0x00007ffbb36a9000 	C:\WINDOWS\System32\GDI32.dll
0x00007ffbb2700000 - 0x00007ffbb2819000 	C:\WINDOWS\System32\gdi32full.dll
0x00007ffbb23f0000 - 0x00007ffbb248a000 	C:\WINDOWS\System32\msvcp_win.dll
0x00007ffb8d6c0000 - 0x00007ffb8d953000 	C:\WINDOWS\WinSxS\amd64_microsoft.windows.common-controls_6595b64144ccf1df_6.0.22621.3235_none_270f74e173860f98\COMCTL32.dll
0x00007ffba8f80000 - 0x00007ffba8f8a000 	C:\WINDOWS\SYSTEM32\VERSION.dll
0x00007ffbb30e0000 - 0x00007ffbb3111000 	C:\WINDOWS\System32\IMM32.DLL
0x00007ffb49190000 - 0x00007ffb4919c000 	C:\Program Files\Java\jdk-21\bin\vcruntime140_1.dll
0x00007ffb49050000 - 0x00007ffb490de000 	C:\Program Files\Java\jdk-21\bin\msvcp140.dll
0x00007ffb48330000 - 0x00007ffb49047000 	C:\Program Files\Java\jdk-21\bin\server\jvm.dll
0x00007ffbb33c0000 - 0x00007ffbb3431000 	C:\WINDOWS\System32\WS2_32.dll
0x00007ffbb1b90000 - 0x00007ffbb1bdd000 	C:\WINDOWS\SYSTEM32\POWRPROF.dll
0x00007ffba7e60000 - 0x00007ffba7e94000 	C:\WINDOWS\SYSTEM32\WINMM.dll
0x00007ffbb1b70000 - 0x00007ffbb1b83000 	C:\WINDOWS\SYSTEM32\UMPDC.dll
0x00007ffbb12d0000 - 0x00007ffbb12e8000 	C:\WINDOWS\SYSTEM32\kernel.appcore.dll
0x00007ffb49180000 - 0x00007ffb4918a000 	C:\Program Files\Java\jdk-21\bin\jimage.dll
0x00007ffbafdc0000 - 0x00007ffbafff3000 	C:\WINDOWS\SYSTEM32\DBGHELP.DLL
0x00007ffbb36b0000 - 0x00007ffbb3a38000 	C:\WINDOWS\System32\combase.dll
0x00007ffbb2d40000 - 0x00007ffbb2e17000 	C:\WINDOWS\System32\OLEAUT32.dll
0x00007ffb8b450000 - 0x00007ffb8b482000 	C:\WINDOWS\SYSTEM32\dbgcore.DLL
0x00007ffbb2490000 - 0x00007ffbb2509000 	C:\WINDOWS\System32\bcryptPrimitives.dll
0x00007ffb49160000 - 0x00007ffb4917f000 	C:\Program Files\Java\jdk-21\bin\java.dll
0x00007ffbb3fa0000 - 0x00007ffbb47fc000 	C:\WINDOWS\System32\SHELL32.dll
0x00007ffbb0240000 - 0x00007ffbb0b39000 	C:\WINDOWS\SYSTEM32\windows.storage.dll
0x00007ffbb0100000 - 0x00007ffbb023e000 	C:\WINDOWS\SYSTEM32\wintypes.dll
0x00007ffbb3cf0000 - 0x00007ffbb3de3000 	C:\WINDOWS\System32\SHCORE.dll
0x00007ffbb4810000 - 0x00007ffbb486e000 	C:\WINDOWS\System32\shlwapi.dll
0x00007ffbb2260000 - 0x00007ffbb2281000 	C:\WINDOWS\SYSTEM32\profapi.dll
0x00007ffb48250000 - 0x00007ffb48327000 	C:\Program Files\Java\jdk-21\bin\jsvml.dll
0x00007ffb6bc90000 - 0x00007ffb6be1f000 	C:\Program Files\Java\jdk-21\bin\awt.dll
0x00007ffbaf090000 - 0x00007ffbaf127000 	C:\WINDOWS\SYSTEM32\apphelp.dll
0x00007ffbaf4b0000 - 0x00007ffbaf4db000 	C:\WINDOWS\system32\DWMAPI.DLL
0x00007ffbaf220000 - 0x00007ffbaf2cb000 	C:\WINDOWS\system32\uxtheme.dll
0x00007ffb8d190000 - 0x00007ffb8d290000 	C:\WINDOWS\system32\opengl32.dll
0x00007ffb8d120000 - 0x00007ffb8d14d000 	C:\WINDOWS\SYSTEM32\GLU32.dll
0x00007ffbaf340000 - 0x00007ffbaf379000 	C:\WINDOWS\SYSTEM32\dxcore.dll
0x00007ffbb3260000 - 0x00007ffbb33b3000 	C:\WINDOWS\System32\MSCTF.dll
0x00007ffbb3df0000 - 0x00007ffbb3f95000 	C:\WINDOWS\System32\ole32.dll
0x00007ffb96b00000 - 0x00007ffb96b87000 	C:\Program Files\Java\jdk-21\bin\freetype.dll
0x00007ffb8a8d0000 - 0x00007ffb8a9b2000 	C:\Program Files\Java\jdk-21\bin\fontmanager.dll
0x00007ffb953a0000 - 0x00007ffb954ea000 	C:\WINDOWS\SYSTEM32\textinputframework.dll
0x00007ffbaee00000 - 0x00007ffbaef34000 	C:\WINDOWS\SYSTEM32\CoreMessaging.dll
0x00007ffba8b50000 - 0x00007ffba8ebc000 	C:\WINDOWS\SYSTEM32\CoreUIComponents.dll
0x00007ffbb1a60000 - 0x00007ffbb1a6c000 	C:\WINDOWS\SYSTEM32\CRYPTBASE.DLL

dbghelp: loaded successfully - version: 4.0.5 - missing functions: none
symbol engine: initialized successfully - sym options: 0x614 - pdb path: .;C:\Program Files\Java\jdk-21\bin;C:\WINDOWS\SYSTEM32;C:\WINDOWS\WinSxS\amd64_microsoft.windows.common-controls_6595b64144ccf1df_6.0.22621.3235_none_270f74e173860f98;C:\Program Files\Java\jdk-21\bin\server

VM Arguments:
jvm_args: -Dfile.encoding=UTF-8 -Dstdout.encoding=UTF-8 -Dstderr.encoding=UTF-8 -XX:+ShowCodeDetailsInExceptionMessages 
java_command: com.Main.Main
java_class_path (initial): C:\Users\Gaby\OneDrive\Escritorio\6to Semestre\Programacion Avanzada II\Eclipse\Galaga\bin
Launcher Type: SUN_STANDARD

[Global flags]
     intx CICompilerCount                          = 4                                         {product} {ergonomic}
     uint ConcGCThreads                            = 2                                         {product} {ergonomic}
     uint G1ConcRefinementThreads                  = 8                                         {product} {ergonomic}
   size_t G1HeapRegionSize                         = 1048576                                   {product} {ergonomic}
    uintx GCDrainStackTargetSize                   = 64                                        {product} {ergonomic}
   size_t InitialHeapSize                          = 130023424                                 {product} {ergonomic}
   size_t MarkStackSize                            = 4194304                                   {product} {ergonomic}
   size_t MaxHeapSize                              = 2055208960                                {product} {ergonomic}
   size_t MaxNewSize                               = 1233125376                                {product} {ergonomic}
   size_t MinHeapDeltaBytes                        = 1048576                                   {product} {ergonomic}
   size_t MinHeapSize                              = 8388608                                   {product} {ergonomic}
    uintx NonNMethodCodeHeapSize                   = 5839372                                {pd product} {ergonomic}
    uintx NonProfiledCodeHeapSize                  = 122909434                              {pd product} {ergonomic}
    uintx ProfiledCodeHeapSize                     = 122909434                              {pd product} {ergonomic}
    uintx ReservedCodeCacheSize                    = 251658240                              {pd product} {ergonomic}
     bool SegmentedCodeCache                       = true                                      {product} {ergonomic}
     bool ShowCodeDetailsInExceptionMessages       = true                                   {manageable} {command line}
   size_t SoftMaxHeapSize                          = 2055208960                             {manageable} {ergonomic}
     bool UseCompressedOops                        = true                           {product lp64_product} {ergonomic}
     bool UseG1GC                                  = true                                      {product} {ergonomic}
     bool UseLargePagesIndividualAllocation        = false                                  {pd product} {ergonomic}

Logging:
Log output configuration:
 #0: stdout all=warning uptime,level,tags foldmultilines=false
 #1: stderr all=off uptime,level,tags foldmultilines=false

Environment Variables:
JAVA_HOME=C:\Program Files\Java\jdk-21\bin
PATH=C:\Program Files\Common Files\Oracle\Java\javapath;C:\WINDOWS\system32;C:\WINDOWS;C:\WINDOWS\System32\Wbem;C:\WINDOWS\System32\WindowsPowerShell\v1.0\;C:\WINDOWS\System32\OpenSSH\;C:\WINDOWS\system32;C:\WINDOWS;C:\WINDOWS\System32\Wbem;C:\WINDOWS\System32\WindowsPowerShell\v1.0\;C:\WINDOWS\System32\OpenSSH\;C:\Program Files\Azure Data Studio\bin;C:\Program Files\Git\cmd;C:\Users\Gaby\AppData\Local\Programs\Python\Python38\Scripts\;C:\Users\Gaby\AppData\Local\Programs\Python\Python38\;C:\Users\Gaby\AppData\Local\Microsoft\WindowsApps;C:\Program Files\Azure Data Studio\bin;C:\Users\Gaby\AppData\Local\GitHubDesktop\bin
USERNAME=Gaby
OS=Windows_NT
PROCESSOR_IDENTIFIER=Intel64 Family 6 Model 140 Stepping 1, GenuineIntel
TMP=C:\Users\Gaby\AppData\Local\Temp
TEMP=C:\Users\Gaby\AppData\Local\Temp




Periodic native trim disabled

---------------  S Y S T E M  ---------------

OS:
 Windows 11 , 64 bit Build 22621 (10.0.22621.3374)
OS uptime: 0 days 4:34 hours
Hyper-V role detected

CPU: total 8 (initial active 8) (4 cores per cpu, 2 threads per core) family 6 model 140 stepping 1 microcode 0xb4, cx8, cmov, fxsr, ht, mmx, 3dnowpref, sse, sse2, sse3, ssse3, sse4.1, sse4.2, popcnt, lzcnt, tsc, tscinvbit, avx, avx2, aes, erms, clmul, bmi1, bmi2, adx, avx512f, avx512dq, avx512cd, avx512bw, avx512vl, sha, fma, vzeroupper, avx512_vpopcntdq, avx512_vpclmulqdq, avx512_vaes, avx512_vnni, clflush, clflushopt, clwb, avx512_vbmi2, avx512_vbmi, hv, rdtscp, rdpid, fsrm, gfni, avx512_bitalg, f16c, cet_ibt, cet_ss, avx512_ifma
Processor Information for all 8 processors :
  Max Mhz: 2401, Current Mhz: 2400, Mhz Limit: 2376

Memory: 4k page, system-wide physical 7834M (854M free)
TotalPageFile size 31386M (AvailPageFile size 0M)
current process WorkingSet (physical memory assigned to process): 80M, peak: 94M
current process commit charge ("private bytes"): 224M, peak: 241M

vm_info: Java HotSpot(TM) 64-Bit Server VM (21.0.2+13-LTS-58) for windows-amd64 JRE (21.0.2+13-LTS-58), built on 2024-01-05T18:32:24Z by "mach5one" with MS VC++ 17.1 (VS2022)

END.
