#
# There is insufficient memory for the Java Runtime Environment to continue.
# Native memory allocation (mmap) failed to map 130023424 bytes for G1 virtual space
# Possible reasons:
#   The system is out of physical RAM or swap space
#   The process is running with CompressedOops enabled, and the Java Heap may be blocking the growth of the native heap
# Possible solutions:
#   Reduce memory load on the system
#   Increase physical memory or swap space
#   Check if swap backing store is full
#   Decrease Java heap size (-Xmx/-Xms)
#   Decrease number of Java threads
#   Decrease Java thread stack sizes (-Xss)
#   Set larger code cache with -XX:ReservedCodeCacheSize=
#   JVM is running with Unscaled Compressed Oops mode in which the Java heap is
#     placed in the first 4GB address space. The Java Heap base address is the
#     maximum limit for the native heap growth. Please use -XX:HeapBaseMinAddress
#     to set the Java Heap base and to place the Java Heap above 4GB virtual address.
# This output file may be truncated or incomplete.
#
#  Out of Memory Error (os_windows.cpp:3600), pid=24100, tid=28084
#
# JRE version:  (21.0.2+13) (build )
# Java VM: Java HotSpot(TM) 64-Bit Server VM (21.0.2+13-LTS-58, mixed mode, sharing, tiered, compressed oops, compressed class ptrs, g1 gc, windows-amd64)
# No core dump will be written. Minidumps are not enabled by default on client versions of Windows
#

---------------  S U M M A R Y ------------

Command Line: -Dfile.encoding=UTF-8 -Dstdout.encoding=UTF-8 -Dstderr.encoding=UTF-8 -XX:+ShowCodeDetailsInExceptionMessages com.Main.Main

Host: 11th Gen Intel(R) Core(TM) i5-1135G7 @ 2.40GHz, 8 cores, 7G,  Windows 11 , 64 bit Build 22621 (10.0.22621.3374)
Time: Tue Apr 23 21:35:22 2024 SA Pacific Standard Time elapsed time: 0.015027 seconds (0d 0h 0m 0s)

---------------  T H R E A D  ---------------

Current thread (0x0000011797d77a40):  JavaThread "Unknown thread" [_thread_in_vm, id=28084, stack(0x0000000a76d00000,0x0000000a76e00000) (1024K)]

Stack: [0x0000000a76d00000,0x0000000a76e00000]
Native frames: (J=compiled Java code, j=interpreted, Vv=VM code, C=native code)
V  [jvm.dll+0x6cade9]
V  [jvm.dll+0x8569c1]
V  [jvm.dll+0x858d2e]
V  [jvm.dll+0x859413]
V  [jvm.dll+0x280e56]
V  [jvm.dll+0x6c74d5]
V  [jvm.dll+0x6bbeca]
V  [jvm.dll+0x355bca]
V  [jvm.dll+0x35d816]
V  [jvm.dll+0x3ae67e]
V  [jvm.dll+0x3ae928]
V  [jvm.dll+0x3295dc]
V  [jvm.dll+0x32a16b]
V  [jvm.dll+0x81efa9]
V  [jvm.dll+0x3bba01]
V  [jvm.dll+0x807928]
V  [jvm.dll+0x44f50e]
V  [jvm.dll+0x450e11]
C  [jli.dll+0x52a3]
C  [ucrtbase.dll+0x29333]
C  [KERNEL32.DLL+0x1257d]
C  [ntdll.dll+0x5aa48]


---------------  P R O C E S S  ---------------

Threads class SMR info:
_java_thread_list=0x00007ff949c7bb88, length=0, elements={
}

Java Threads: ( => current thread )
Total: 0

Other Threads:
  0x0000011799ec8b10 WorkerThread "GC Thread#0"                     [id=17712, stack(0x0000000a76e00000,0x0000000a76f00000) (1024K)]
  0x0000011799eda050 ConcurrentGCThread "G1 Main Marker"            [id=27940, stack(0x0000000a76f00000,0x0000000a77000000) (1024K)]
  0x0000011799edaa50 WorkerThread "G1 Conc#0"                       [id=31156, stack(0x0000000a77000000,0x0000000a77100000) (1024K)]

[error occurred during error reporting (printing all threads), id 0xc0000005, EXCEPTION_ACCESS_VIOLATION (0xc0000005) at pc=0x00007ff9493ec6a7]
VM state: not at safepoint (not fully initialized)

VM Mutex/Monitor currently owned by a thread:  ([mutex/lock_event])
[0x00007ff949cece68] Heap_lock - owner thread: 0x0000011797d77a40

Heap address: 0x0000000085800000, size: 1960 MB, Compressed Oops mode: 32-bit

CDS archive(s) mapped at: [0x0000000000000000-0x0000000000000000-0x0000000000000000), size 0, SharedBaseAddress: 0x0000000800000000, ArchiveRelocationMode: 1.
Narrow klass base: 0x0000000000000000, Narrow klass shift: 0, Narrow klass range: 0x0

GC Precious Log:
 CardTable entry size: 512
 Card Set container configuration: InlinePtr #cards 5 size 8 Array Of Cards #cards 12 size 40 Howl #buckets 4 coarsen threshold 1843 Howl Bitmap #cards 512 size 80 coarsen threshold 460 Card regions per heap region 1 cards per card region 2048

Heap:
 garbage-first heap   total 0K, used 0K [0x0000000085800000, 0x0000000100000000)
  region size 1024K, 0 young (0K), 0 survivors (0K)

[error occurred during error reporting (printing heap information), id 0xc0000005, EXCEPTION_ACCESS_VIOLATION (0xc0000005) at pc=0x00007ff9497d39f9]
GC Heap History (0 events):
No events

Dll operation events (1 events):
Event: 0.008 Loaded shared library C:\Program Files\Java\jdk-21\bin\java.dll

Deoptimization events (0 events):
No events

Classes loaded (0 events):
No events

Classes unloaded (0 events):
No events

Classes redefined (0 events):
No events

Internal exceptions (0 events):
No events

ZGC Phase Switch (0 events):
No events

VM Operations (0 events):
No events

Events (0 events):
No events


Dynamic libraries:
0x00007ff7385c0000 - 0x00007ff7385d0000 	C:\Program Files\Java\jdk-21\bin\javaw.exe
0x00007ff9f63f0000 - 0x00007ff9f6606000 	C:\WINDOWS\SYSTEM32\ntdll.dll
0x00007ff9f5110000 - 0x00007ff9f51d4000 	C:\WINDOWS\System32\KERNEL32.DLL
0x00007ff9f38f0000 - 0x00007ff9f3c97000 	C:\WINDOWS\System32\KERNELBASE.dll
0x00007ff9f3710000 - 0x00007ff9f3821000 	C:\WINDOWS\System32\ucrtbase.dll
0x00007ff94a950000 - 0x00007ff94a969000 	C:\Program Files\Java\jdk-21\bin\jli.dll
0x00007ff9f59c0000 - 0x00007ff9f5a72000 	C:\WINDOWS\System32\ADVAPI32.dll
0x00007ff9f5a80000 - 0x00007ff9f5b27000 	C:\WINDOWS\System32\msvcrt.dll
0x00007ff9f5060000 - 0x00007ff9f5108000 	C:\WINDOWS\System32\sechost.dll
0x00007ff9f3ca0000 - 0x00007ff9f3cc8000 	C:\WINDOWS\System32\bcrypt.dll
0x00007ff9f5b30000 - 0x00007ff9f5c45000 	C:\WINDOWS\System32\RPCRT4.dll
0x00007ff9f5810000 - 0x00007ff9f59be000 	C:\WINDOWS\System32\USER32.dll
0x00007ff9f3e60000 - 0x00007ff9f3e86000 	C:\WINDOWS\System32\win32u.dll
0x00007ff9f4320000 - 0x00007ff9f4349000 	C:\WINDOWS\System32\GDI32.dll
0x00007ff9f3d40000 - 0x00007ff9f3e59000 	C:\WINDOWS\System32\gdi32full.dll
0x00007ff9f4080000 - 0x00007ff9f411a000 	C:\WINDOWS\System32\msvcp_win.dll
0x00007ff9d0ed0000 - 0x00007ff9d1163000 	C:\WINDOWS\WinSxS\amd64_microsoft.windows.common-controls_6595b64144ccf1df_6.0.22621.3235_none_270f74e173860f98\COMCTL32.dll
0x00007ff9ec4d0000 - 0x00007ff9ec4da000 	C:\WINDOWS\SYSTEM32\VERSION.dll
0x00007ff94a970000 - 0x00007ff94a98b000 	C:\Program Files\Java\jdk-21\bin\VCRUNTIME140.dll
0x00007ff9f4350000 - 0x00007ff9f4381000 	C:\WINDOWS\System32\IMM32.DLL
0x00007ff97df30000 - 0x00007ff97df3c000 	C:\Program Files\Java\jdk-21\bin\vcruntime140_1.dll
0x00007ff94a8c0000 - 0x00007ff94a94e000 	C:\Program Files\Java\jdk-21\bin\msvcp140.dll
0x00007ff9490b0000 - 0x00007ff949dc7000 	C:\Program Files\Java\jdk-21\bin\server\jvm.dll
0x00007ff9f6330000 - 0x00007ff9f63a1000 	C:\WINDOWS\System32\WS2_32.dll
0x00007ff9f2f70000 - 0x00007ff9f2fbd000 	C:\WINDOWS\SYSTEM32\POWRPROF.dll
0x00007ff9e8f00000 - 0x00007ff9e8f34000 	C:\WINDOWS\SYSTEM32\WINMM.dll
0x00007ff9f2f50000 - 0x00007ff9f2f63000 	C:\WINDOWS\SYSTEM32\UMPDC.dll
0x00007ff9f2720000 - 0x00007ff9f2738000 	C:\WINDOWS\SYSTEM32\kernel.appcore.dll
0x00007ff960cb0000 - 0x00007ff960cba000 	C:\Program Files\Java\jdk-21\bin\jimage.dll
0x00007ff9f0ba0000 - 0x00007ff9f0dd3000 	C:\WINDOWS\SYSTEM32\DBGHELP.DLL
0x00007ff9f51e0000 - 0x00007ff9f5568000 	C:\WINDOWS\System32\combase.dll
0x00007ff9f41a0000 - 0x00007ff9f4277000 	C:\WINDOWS\System32\OLEAUT32.dll
0x00007ff9cc170000 - 0x00007ff9cc1a2000 	C:\WINDOWS\SYSTEM32\dbgcore.DLL
0x00007ff9f3e90000 - 0x00007ff9f3f09000 	C:\WINDOWS\System32\bcryptPrimitives.dll
0x00007ff94a8a0000 - 0x00007ff94a8bf000 	C:\Program Files\Java\jdk-21\bin\java.dll

dbghelp: loaded successfully - version: 4.0.5 - missing functions: none
symbol engine: initialized successfully - sym options: 0x614 - pdb path: .;C:\Program Files\Java\jdk-21\bin;C:\WINDOWS\SYSTEM32;C:\WINDOWS\WinSxS\amd64_microsoft.windows.common-controls_6595b64144ccf1df_6.0.22621.3235_none_270f74e173860f98;C:\Program Files\Java\jdk-21\bin\server

VM Arguments:
jvm_args: -Dfile.encoding=UTF-8 -Dstdout.encoding=UTF-8 -Dstderr.encoding=UTF-8 -XX:+ShowCodeDetailsInExceptionMessages 
java_command: com.Main.Main
java_class_path (initial): C:\Users\Gaby\OneDrive\Escritorio\6to Semestre\Programacion Avanzada II\Eclipse\Galaga\bin
Launcher Type: SUN_STANDARD

[Global flags]
     intx CICompilerCount                          = 4                                         {product} {ergonomic}
     uint ConcGCThreads                            = 2                                         {product} {ergonomic}
     uint G1ConcRefinementThreads                  = 8                                         {product} {ergonomic}
   size_t G1HeapRegionSize                         = 1048576                                   {product} {ergonomic}
    uintx GCDrainStackTargetSize                   = 64                                        {product} {ergonomic}
   size_t InitialHeapSize                          = 130023424                                 {product} {ergonomic}
   size_t MarkStackSize                            = 4194304                                   {product} {ergonomic}
   size_t MaxHeapSize                              = 2055208960                                {product} {ergonomic}
   size_t MinHeapDeltaBytes                        = 1048576                                   {product} {ergonomic}
   size_t MinHeapSize                              = 8388608                                   {product} {ergonomic}
    uintx NonNMethodCodeHeapSize                   = 5839372                                {pd product} {ergonomic}
    uintx NonProfiledCodeHeapSize                  = 122909434                              {pd product} {ergonomic}
    uintx ProfiledCodeHeapSize                     = 122909434                              {pd product} {ergonomic}
    uintx ReservedCodeCacheSize                    = 251658240                              {pd product} {ergonomic}
     bool SegmentedCodeCache                       = true                                      {product} {ergonomic}
     bool ShowCodeDetailsInExceptionMessages       = true                                   {manageable} {command line}
   size_t SoftMaxHeapSize                          = 2055208960                             {manageable} {ergonomic}
     bool UseCompressedOops                        = true                           {product lp64_product} {ergonomic}
     bool UseG1GC                                  = true                                      {product} {ergonomic}
     bool UseLargePagesIndividualAllocation        = false                                  {pd product} {ergonomic}

Logging:
Log output configuration:
 #0: stdout all=warning uptime,level,tags foldmultilines=false
 #1: stderr all=off uptime,level,tags foldmultilines=false

Environment Variables:
JAVA_HOME=C:\Program Files\Java\jdk-21\bin
PATH=C:\Program Files\Common Files\Oracle\Java\javapath;C:\WINDOWS\system32;C:\WINDOWS;C:\WINDOWS\System32\Wbem;C:\WINDOWS\System32\WindowsPowerShell\v1.0\;C:\WINDOWS\System32\OpenSSH\;C:\WINDOWS\system32;C:\WINDOWS;C:\WINDOWS\System32\Wbem;C:\WINDOWS\System32\WindowsPowerShell\v1.0\;C:\WINDOWS\System32\OpenSSH\;C:\Program Files\Azure Data Studio\bin;C:\Program Files\Git\cmd;C:\Users\Gaby\AppData\Local\Programs\Python\Python38\Scripts\;C:\Users\Gaby\AppData\Local\Programs\Python\Python38\;C:\Users\Gaby\AppData\Local\Microsoft\WindowsApps;C:\Program Files\Azure Data Studio\bin;C:\Users\Gaby\AppData\Local\GitHubDesktop\bin
USERNAME=Gaby
OS=Windows_NT
PROCESSOR_IDENTIFIER=Intel64 Family 6 Model 140 Stepping 1, GenuineIntel
TMP=C:\Users\Gaby\AppData\Local\Temp
TEMP=C:\Users\Gaby\AppData\Local\Temp




Periodic native trim disabled

---------------  S Y S T E M  ---------------

OS:
 Windows 11 , 64 bit Build 22621 (10.0.22621.3374)
OS uptime: 0 days 4:15 hours
Hyper-V role detected

CPU: total 8 (initial active 8) (4 cores per cpu, 2 threads per core) family 6 model 140 stepping 1 microcode 0xb4, cx8, cmov, fxsr, ht, mmx, 3dnowpref, sse, sse2, sse3, ssse3, sse4.1, sse4.2, popcnt, lzcnt, tsc, tscinvbit, avx, avx2, aes, erms, clmul, bmi1, bmi2, adx, avx512f, avx512dq, avx512cd, avx512bw, avx512vl, sha, fma, vzeroupper, avx512_vpopcntdq, avx512_vpclmulqdq, avx512_vaes, avx512_vnni, clflush, clflushopt, clwb, avx512_vbmi2, avx512_vbmi, hv, rdtscp, rdpid, fsrm, gfni, avx512_bitalg, f16c, cet_ibt, cet_ss, avx512_ifma
Processor Information for processor 0
  Max Mhz: 2401, Current Mhz: 2400, Mhz Limit: 2376
Processor Information for processor 1
  Max Mhz: 2401, Current Mhz: 900, Mhz Limit: 2376
Processor Information for processor 2
  Max Mhz: 2401, Current Mhz: 900, Mhz Limit: 2376
Processor Information for processor 3
  Max Mhz: 2401, Current Mhz: 900, Mhz Limit: 2376
Processor Information for processor 4
  Max Mhz: 2401, Current Mhz: 2400, Mhz Limit: 2376
Processor Information for processor 5
  Max Mhz: 2401, Current Mhz: 2400, Mhz Limit: 2376
Processor Information for processor 6
  Max Mhz: 2401, Current Mhz: 2400, Mhz Limit: 2376
Processor Information for processor 7
  Max Mhz: 2401, Current Mhz: 900, Mhz Limit: 2376

Memory: 4k page, system-wide physical 7834M (382M free)
TotalPageFile size 31359M (AvailPageFile size 66M)
current process WorkingSet (physical memory assigned to process): 11M, peak: 11M
current process commit charge ("private bytes"): 60M, peak: 184M

vm_info: Java HotSpot(TM) 64-Bit Server VM (21.0.2+13-LTS-58) for windows-amd64 JRE (21.0.2+13-LTS-58), built on 2024-01-05T18:32:24Z by "mach5one" with MS VC++ 17.1 (VS2022)

END.
